
> niamey-api-app@1.0.0 start
> npm run build && node index.js


> niamey-api-app@1.0.0 build
> cd frontend && npm install && npm run build


up to date, audited 70 packages in 1s

9 packages are looking for funding
  run `npm fund` for details

found 0 vulnerabilities

> niamey-api-dashboard@0.0.0 build
> vite build

vite v6.4.1 building for production...

/index.css doesn't exist at build time, it will remain unchanged to be resolved at runtime
transforming...
✓ 1695 modules transformed.
rendering chunks...
computing gzip size...
dist/index.html                  2.08 kB │ gzip:  0.90 kB
dist/assets/index-YkUepRFh.js  223.43 kB │ gzip: 68.27 kB
✓ built in 4.24s
node:events:497
      throw er; // Unhandled 'error' event
      ^

Error: listen EADDRINUSE: address already in use :::3001
    at Server.setupListenHandle [as _listen2] (node:net:1940:16)
    at listenInCluster (node:net:1997:12)
    at Server.listen (node:net:2102:7)
    at Function.listen (/app/node_modules/express/lib/application.js:635:24)
    at file:///app/index.js:192:5
    at ModuleJob.run (node:internal/modules/esm/module_job:343:25)
    at async onImport.tracePromise.__proto__ (node:internal/modules/esm/loader:665:26)
    at async asyncRunEntryPointWithESMLoader (node:internal/modules/run_main:117:5)
Emitted 'error' event on Server instance at:
    at emitErrorNT (node:net:1976:8)
    at process.processTicksAndRejections (node:internal/process/task_queues:90:21) {
  code: 'EADDRINUSE',
  errno: -98,
  syscall: 'listen',
  address: '::',
  port: 3001
}

Node.js v22.21.1
